Initializing PHY...

************************************************
 MQTT client
************************************************
Getting IP address from DHCP...

IPv4 Address     : 192.168.0.3
IPv4 Subnet mask : 255.255.255.0
IPv4 Gateway     : 192.168.0.1

Resolving "driver.cloudmqtt.com"...
Connecting to MQTT broker at 3.83.156.245...
Going to publish to the topic "smart_harvest/connected"...
MQTT client "nxp_00000000ffffffff4e45419980020022" not connected.
Connecting to MQTT broker at 3.83.156.245...
MQTT client "nxp_00000000ffffffff4e45419980020022" connected.
Subscribing to the topic "josue/temp/#" with QoS 1...
Subscribing to the topic "smart_harvest/riego/#" with QoS 1...
Subscribed to the topic "josue/temp/#".
Subscribed to the topic "smart_harvest/riego/#".
Going to publish to the topic "smart_harvest/connected"...
Published to the topic "smart_harvest/connected".
Going to publish to the topic "smart_harvest/connected"...
Published to the topic "smart_harvest/connected".
Going to publish to the topic "smart_harvest/connected"...
Published to the topic "smart_harvest/connected".
Going to publish to the topic "smart_harvest/connected"...
Published to the topic "smart_harvest/connected".
Going to publish to the topic "smart_harvest/connected"...
Published to the topic "smart_harvest/connected".
Going to publish to the topic "smart_harvest/connected"...
Published to the topic "smart_harvest/connected".
Going to publish to the topic "smart_harvest/connected"...
Published to the topic "smart_harvest/connected".
Going to publish to the topic "smart_harvest/connected"...
Published to the topic "smart_harvest/connected".
Going to publish to the topic "smart_harvest/connected"...
Published to the topic "smart_harvest/connected".
Going to publish to the topic "smart_harvest/connected"...
Published to the topic "smart_harvest/connected".
Going to publish to the topic "smart_harvest/connected"...
Published to the topic "smart_harvest/connected".
Going to publish to the topic "smart_harvest/connected"...
Published to the topic "smart_harvest/connected".
Going to publish to the topic "smart_harvest/connected"...
Published to the topic "smart_harvest/connected".
Going to publish to the topic "smart_harvest/connected"...
Published to the topic "smart_harvest/connected".
Going to publish to the topic "smart_harvest/connected"...
Published to the topic "smart_harvest/connected".
Going to publish to the topic "smart_harvest/connected"...
Published to the topic "smart_harvest/connected".
Going to publish to the topic "smart_harvest/connected"...
Published to the topic "smart_harvest/connected".
Received 4 bytes from the topic "josue/temp/frijol": "Campo de frijol detectado
---FRIJOL ACCION---
ACCION REQUERIDA: REGAR
---FRIJOL ACCION COMPLETADA---
12.1"
Going to publish to the topic "smart_harvest/connected"...
Going to publish to the topic "smart_harvest/riego/frijol"...
Published to the topic "smart_harvest/connected".
Published to the topic "smart_harvest/riego/frijol".
Received 2 bytes from the topic "smart_harvest/riego/frijol": "11"
Going to publish to the topic "smart_harvest/connected"...
Published to the topic "smart_harvest/connected".
Going to publish to the topic "smart_harvest/connected"...
Published to the topic "smart_harvest/connected".
Going to publish to the topic "smart_harvest/connected"...
Published to the topic "smart_harvest/connected".
Going to publish to the topic "smart_harvest/connected"...
Published to the topic "smart_harvest/connected".
Going to publish to the topic "smart_harvest/connected"...
Published to the topic "smart_harvest/connected".
Going to publish to the topic "smart_harvest/connected"...
Published to the topic "smart_harvest/connected".
Received 1 bytes from the topic "josue/temp/zan": "Campo de zanahoria detectado
Going to publish to the topic "smart_harvest/riego/zan"...
0"
Published to the topic "smart_harvest/riego/zan".
Going to publish to the topic "smart_harvest/connected"...
Received 2 bytes from the topic "smart_harvest/riego/zan": "14"
Published to the topic "smart_harvest/connected".
Going to publish to the topic "smart_harvest/connected"...
Published to the topic "smart_harvest/connected".
Going to publish to the topic "smart_harvest/connected"...
Published to the topic "smart_harvest/connected".
Going to publish to the topic "smart_harvest/connected"...
Published to the topic "smart_harvest/connected".
Received 4 bytes from the topic "josue/temp/zan": "Campo de zanahoria detectado
---ZANAHORIA ACCION---
ACCION REQUERIDA: REGAR
---ZANAHORIA ACCION COMPLETADA---
14.5"
Going to publish to the topic "smart_harvest/connected"...
Going to publish to the topic "smart_harvest/riego/zan"...
Published to the topic "smart_harvest/connected".
Published to the topic "smart_harvest/riego/zan".
Received 2 bytes from the topic "smart_harvest/riego/zan": "12"
Going to publish to the topic "smart_harvest/connected"...
Published to the topic "smart_harvest/connected".
Going to publish to the topic "smart_harvest/connected"...
Published to the topic "smart_harvest/connected".
Going to publish to the topic "smart_harvest/connected"...
Published to the topic "smart_harvest/connected".
Going to publish to the topic "smart_harvest/connected"...
Published to the topic "smart_harvest/connected".
Going to publish to the topic "smart_harvest/connected"...
Published to the topic "smart_harvest/connected".
Going to publish to the topic "smart_harvest/connected"...
Published to the topic "smart_harvest/connected".
Going to publish to the topic "smart_harvest/connected"...
Published to the topic "smart_harvest/connected".
Going to publish to the topic "smart_harvest/connected"...
Published to the topic "smart_harvest/connected".
Going to publish to the topic "smart_harvest/connected"...
Published to the topic "smart_harvest/connected".
Going to publish to the topic "smart_harvest/connected"...
Published to the topic "smart_harvest/connected".
Going to publish to the topic "smart_harvest/connected"...
Published to the topic "smart_harvest/connected".
Going to publish to the topic "smart_harvest/connected"...
Published to the topic "smart_harvest/connected".
Received 4 bytes from the topic "josue/temp/calabaza": "Campo de calabaza detectado
---CALABAZA ACCION---
ACCION REQUERIDA: REGAR
---CALABAZA ACCION COMPLETADA---
14.0"
Going to publish to the topic "smart_harvest/connected"...
Going to publish to the topic "smart_harvest/riego/calabaza"...
Published to the topic "smart_harvest/connected".
Published to the topic "smart_harvest/riego/calabaza".
Received 2 bytes from the topic "smart_harvest/riego/calabaza": "13"
Going to publish to the topic "smart_harvest/connected"...
Published to the topic "smart_harvest/connected".
Going to publish to the topic "smart_harvest/connected"...
Published to the topic "smart_harvest/connected".
Going to publish to the topic "smart_harvest/connected"...
Published to the topic "smart_harvest/connected".
Going to publish to the topic "smart_harvest/connected"...
Published to the topic "smart_harvest/connected".
Going to publish to the topic "smart_harvest/connected"...
Published to the topic "smart_harvest/connected".
Going to publish to the topic "smart_harvest/connected"...
Published to the topic "smart_harvest/connected".
Received 1 bytes from the topic "josue/temp/maiz": "Campo de maiz detectado
Going to publish to the topic "smart_harvest/riego/maiz"...
0"
Published to the topic "smart_harvest/riego/maiz".
Received 2 bytes from the topic "smart_harvest/riego/maiz": "14"
Going to publish to the topic "smart_harvest/connected"...
Published to the topic "smart_harvest/connected".
Going to publish to the topic "smart_harvest/connected"...
Published to the topic "smart_harvest/connected".
Going to publish to the topic "smart_harvest/connected"...
Published to the topic "smart_harvest/connected".
Going to publish to the topic "smart_harvest/connected"...
Published to the topic "smart_harvest/connected".
Received 4 bytes from the topic "josue/temp/maiz": "Campo de maiz detectado
---MAIZ ACCION---
ACCION REQUERIDA: REGAR
---MAIZ ACCION COMPLETADA---
15.5"
Going to publish to the topic "smart_harvest/connected"...
Going to publish to the topic "smart_harvest/riego/maiz"...
Published to the topic "smart_harvest/connected".
Published to the topic "smart_harvest/riego/maiz".
Received 2 bytes from the topic "smart_harvest/riego/maiz": "15"
Going to publish to the topic "smart_harvest/connected"...
Published to the topic "smart_harvest/connected".
Going to publish to the topic "smart_harvest/connected"...
Published to the topic "smart_harvest/connected".
Going to publish to the topic "smart_harvest/connected"...
Published to the topic "smart_harvest/connected".
Going to publish to the topic "smart_harvest/connected"...
Published to the topic "smart_harvest/connected".
Going to publish to the topic "smart_harvest/connected"...
Published to the topic "smart_harvest/connected".
Going to publish to the topic "smart_harvest/connected"...
Published to the topic "smart_harvest/connected".
Going to publish to the topic "smart_harvest/connected"...
Published to the topic "smart_harvest/connected".
Going to publish to the topic "smart_harvest/connected"...
Published to the topic "smart_harvest/connected".
Going to publish to the topic "smart_harvest/connected"...
Published to the topic "smart_harvest/connected".
Going to publish to the topic "smart_harvest/connected"...
Published to the topic "smart_harvest/connected".
Received 4 bytes from the topic "josue/temp/frijol": "Campo de frijol detectado
---FRIJOL ACCION---
ACCION REQUERIDA: REGAR
---FRIJOL ACCION COMPLETADA---
12.1"
Going to publish to the topic "smart_harvest/connected"...
Going to publish to the topic "smart_harvest/riego/frijol"...
Published to the topic "smart_harvest/connected".
Published to the topic "smart_harvest/riego/frijol".
Received 2 bytes from the topic "smart_harvest/riego/frijol": "11"
Received 3 bytes from the topic "josue/temp/frijol": "Campo de frijol detectado
ACCION REQUERIDA: APAGAR
Going to publish to the topic "smart_harvest/riego/frijol"...
6.1"
Published to the topic "smart_harvest/riego/frijol".
Received 2 bytes from the topic "smart_harvest/riego/frijol": "12"
Going to publish to the topic "smart_harvest/connected"...
Published to the topic "smart_harvest/connected".
Going to publish to the topic "smart_harvest/connected"...
Published to the topic "smart_harvest/connected".
Going to publish to the topic "smart_harvest/connected"...
Published to the topic "smart_harvest/connected".
Going to publish to the topic "smart_harvest/connected"...
Received 3 bytes from the topic "josue/temp/zan": "Campo de zanahoria detectado
Going to publish to the topic "smart_harvest/riego/zan"...
6.7"
Published to the topic "smart_harvest/connected".
Published to the topic "smart_harvest/riego/zan".
Received 2 bytes from the topic "smart_harvest/riego/zan": "14"
Going to publish to the topic "smart_harvest/connected"...
Published to the topic "smart_harvest/connected".
Going to publish to the topic "smart_harvest/connected"...
Published to the topic "smart_harvest/connected".
Going to publish to the topic "smart_harvest/connected"...
Published to the topic "smart_harvest/connected".
Received 3 bytes from the topic "josue/temp/calabaza": "Campo de calabaza detectado
Going to publish to the topic "smart_harvest/riego/calabaza"...
6.8"
Published to the topic "smart_harvest/riego/calabaza".
Received 2 bytes from the topic "smart_harvest/riego/calabaza": "14"
Going to publish to the topic "smart_harvest/connected"...
Published to the topic "smart_harvest/connected".
Going to publish to the topic "smart_harvest/connected"...
Published to the topic "smart_harvest/connected".
Received 3 bytes from the topic "josue/temp/maiz": "Campo de maiz detectado
Going to publish to the topic "smart_harvest/riego/maiz"...
7.5"
Published to the topic "smart_harvest/riego/maiz".
Received 2 bytes from the topic "smart_harvest/riego/maiz": "14"
Going to publish to the topic "smart_harvest/connected"...
Published to the topic "smart_harvest/connected".
Going to publish to the topic "smart_harvest/connected"...
Published to the topic "smart_harvest/connected".
Going to publish to the topic "smart_harvest/connected"...
Published to the topic "smart_harvest/connected".
Going to publish to the topic "smart_harvest/connected"...
Published to the topic "smart_harvest/connected".
Going to publish to the topic "smart_harvest/connected"...
Published to the topic "smart_harvest/connected".
Received 3 bytes from the topic "josue/temp/frijol": "Campo de frijol detectado
ACCION REQUERIDA: APAGAR
Going to publish to the topic "smart_harvest/riego/frijol"...
6.1"
Published to the topic "smart_harvest/riego/frijol".
Received 2 bytes from the topic "smart_harvest/riego/frijol": "12"
Going to publish to the topic "smart_harvest/connected"...
Published to the topic "smart_harvest/connected".
Received 4 bytes from the topic "josue/temp/frijol": "Campo de frijol detectado
---FRIJOL ACCION---
ACCION REQUERIDA: REGAR
---FRIJOL ACCION COMPLETADA---
14.7"
Going to publish to the topic "smart_harvest/connected"...
Going to publish to the topic "smart_harvest/riego/frijol"...
Published to the topic "smart_harvest/connected".
Published to the topic "smart_harvest/riego/frijol".
Received 2 bytes from the topic "smart_harvest/riego/frijol": "11"
Going to publish to the topic "smart_harvest/connected"...
Published to the topic "smart_harvest/connected".
Received 3 bytes from the topic "josue/temp/zan": "Campo de zanahoria detectado
Going to publish to the topic "smart_harvest/riego/zan"...
6.7"
Published to the topic "smart_harvest/riego/zan".
Received 2 bytes from the topic "smart_harvest/riego/zan": "14"
Going to publish to the topic "smart_harvest/connected"...
Received 4 bytes from the topic "josue/temp/zan": "Campo de zanahoria detectado
---ZANAHORIA ACCION---
ACCION REQUERIDA: REGAR
---ZANAHORIA ACCION COMPLETADA---
14.2"
Published to the topic "smart_harvest/connected".
Going to publish to the topic "smart_harvest/connected"...
Going to publish to the topic "smart_harvest/riego/zan"...
Published to the topic "smart_harvest/connected".
Published to the topic "smart_harvest/riego/zan".
Received 2 bytes from the topic "smart_harvest/riego/zan": "12"
Going to publish to the topic "smart_harvest/connected"...
Published to the topic "smart_harvest/connected".
Received 3 bytes from the topic "josue/temp/calabaza": "Campo de calabaza detectado
Going to publish to the topic "smart_harvest/riego/calabaza"...
6.8"
Published to the topic "smart_harvest/riego/calabaza".
Received 2 bytes from the topic "smart_harvest/riego/calabaza": "14"
Going to publish to the topic "smart_harvest/connected"...
Published to the topic "smart_harvest/connected".
Received 3 bytes from the topic "josue/temp/calabaza": "Campo de calabaza detectado
Going to publish to the topic "smart_harvest/riego/calabaza"...
6.8"
Published to the topic "smart_harvest/riego/calabaza".
Received 2 bytes from the topic "smart_harvest/riego/calabaza": "14"
Going to publish to the topic "smart_harvest/connected"...
Received 3 bytes from the topic "josue/temp/calabaza": "Campo de calabaza detectado
Going to publish to the topic "smart_harvest/riego/calabaza"...
6.8"
Published to the topic "smart_harvest/connected".
Published to the topic "smart_harvest/riego/calabaza".
Received 2 bytes from the topic "smart_harvest/riego/calabaza": "14"
Going to publish to the topic "smart_harvest/connected"...
Published to the topic "smart_harvest/connected".
Received 4 bytes from the topic "josue/temp/calabaza": "Campo de calabaza detectado
---CALABAZA ACCION---
ACCION REQUERIDA: REGAR
---CALABAZA ACCION COMPLETADA---
16.0"
Going to publish to the topic "smart_harvest/connected"...
Going to publish to the topic "smart_harvest/riego/calabaza"...
Published to the topic "smart_harvest/connected".
Published to the topic "smart_harvest/riego/calabaza".
Received 2 bytes from the topic "smart_harvest/riego/calabaza": "13"
Going to publish to the topic "smart_harvest/connected"...
Published to the topic "smart_harvest/connected".
Going to publish to the topic "smart_harvest/connected"...
Published to the topic "smart_harvest/connected".
Received 4 bytes from the topic "josue/temp/maiz": "Campo de maiz detectado
---MAIZ ACCION---
ACCION REQUERIDA: REGAR
---MAIZ ACCION COMPLETADA---
17.3"
Going to publish to the topic "smart_harvest/connected"...
Going to publish to the topic "smart_harvest/riego/maiz"...
Published to the topic "smart_harvest/connected".
Published to the topic "smart_harvest/riego/maiz".
Received 2 bytes from the topic "smart_harvest/riego/maiz": "15"
Going to publish to the topic "smart_harvest/connected"...
Published to the topic "smart_harvest/connected".
Going to publish to the topic "smart_harvest/connected"...
Published to the topic "smart_harvest/connected".
Going to publish to the topic "smart_harvest/connected"...
Published to the topic "smart_harvest/connected".
Going to publish to the topic "smart_harvest/connected"...
Published to the topic "smart_harvest/connected".
Going to publish to the topic "smart_harvest/connected"...
Published to the topic "smart_harvest/connected".
Going to publish to the topic "smart_harvest/connected"...
Published to the topic "smart_harvest/connected".
Going to publish to the topic "smart_harvest/connected"...
Published to the topic "smart_harvest/connected".
Going to publish to the topic "smart_harvest/connected"...
Published to the topic "smart_harvest/connected".
Received 3 bytes from the topic "josue/temp/frijol": "Campo de frijol detectado
ACCION REQUERIDA: APAGAR
Going to publish to the topic "smart_harvest/riego/frijol"...
9.0"
Published to the topic "smart_harvest/riego/frijol".
Received 2 bytes from the topic "smart_harvest/riego/frijol": "12"
Going to publish to the topic "smart_harvest/connected"...
Published to the topic "smart_harvest/connected".
Going to publish to the topic "smart_harvest/connected"...
Published to the topic "smart_harvest/connected".
Received 3 bytes from the topic "josue/temp/zan": "Campo de zanahoria detectado
Going to publish to the topic "smart_harvest/riego/zan"...
8.8"
Published to the topic "smart_harvest/riego/zan".
Received 2 bytes from the topic "smart_harvest/riego/zan": "14"
Going to publish to the topic "smart_harvest/connected"...
Published to the topic "smart_harvest/connected".
Received 3 bytes from the topic "josue/temp/calabaza": "Campo de calabaza detectado
Going to publish to the topic "smart_harvest/riego/calabaza"...
9.6"
Published to the topic "smart_harvest/riego/calabaza".
Going to publish to the topic "smart_harvest/connected"...
Received 2 bytes from the topic "smart_harvest/riego/calabaza": "14"
Published to the topic "smart_harvest/connected".
Received 4 bytes from the topic "josue/temp/maiz": "Campo de maiz detectado
---MAIZ ACCION---
ACCION REQUERIDA: REGAR
---MAIZ ACCION COMPLETADA---
17.3"
Going to publish to the topic "smart_harvest/connected"...
Going to publish to the topic "smart_harvest/riego/maiz"...
Published to the topic "smart_harvest/connected".
Published to the topic "smart_harvest/riego/maiz".
Received 2 bytes from the topic "smart_harvest/riego/maiz": "15"
Going to publish to the topic "smart_harvest/connected"...
Published to the topic "smart_harvest/connected".
Received 4 bytes from the topic "josue/temp/maiz": "Campo de maiz detectado
---MAIZ ACCION---
ACCION REQUERIDA: REGAR
---MAIZ ACCION COMPLETADA---
10.3"
Going to publish to the topic "smart_harvest/connected"...
Going to publish to the topic "smart_harvest/riego/maiz"...
Published to the topic "smart_harvest/connected".
Published to the topic "smart_harvest/riego/maiz".
Received 2 bytes from the topic "smart_harvest/riego/maiz": "15"
Received 3 bytes from the topic "josue/temp/maiz": "Campo de maiz detectado
Going to publish to the topic "smart_harvest/riego/maiz"...
7.9"
Published to the topic "smart_harvest/riego/maiz".
Going to publish to the topic "smart_harvest/connected"...
Received 2 bytes from the topic "smart_harvest/riego/maiz": "14"
Published to the topic "smart_harvest/connected".
Going to publish to the topic "smart_harvest/connected"...
Published to the topic "smart_harvest/connected".
Going to publish to the topic "smart_harvest/connected"...
Published to the topic "smart_harvest/connected".
Going to publish to the topic "smart_harvest/connected"...
Published to the topic "smart_harvest/connected".
Going to publish to the topic "smart_harvest/connected"...
Published to the topic "smart_harvest/connected".
Going to publish to the topic "smart_harvest/connected"...
Published to the topic "smart_harvest/connected".
Going to publish to the topic "smart_harvest/connected"...
Published to the topic "smart_harvest/connected".
Going to publish to the topic "smart_harvest/connected"...
Received 4 bytes from the topic "josue/temp/maiz": "Campo de maiz detectado
---MAIZ ACCION---
ACCION REQUERIDA: REGAR
---MAIZ ACCION COMPLETADA---
15.4"
Published to the topic "smart_harvest/connected".
Going to publish to the topic "smart_harvest/connected"...
Going to publish to the topic "smart_harvest/riego/maiz"...
Published to the topic "smart_harvest/connected".
Received 4 bytes from the topic "josue/temp/calabaza": "Campo de calabaza detectado
---CALABAZA ACCION---
ACCION REQUERIDA: REGAR
---CALABAZA ACCION COMPLETADA---
14.3"
Published to the topic "smart_harvest/riego/maiz".
Received 2 bytes from the topic "smart_harvest/riego/maiz": "---CALABAZA ACCION---
ACCION REQUERIDA: REGAR
---CALABAZA ACCION COMPLETADA---
15"
Going to publish to the topic "smart_harvest/connected"...
Going to publish to the topic "smart_harvest/riego/calabaza"...
Published to the topic "smart_harvest/connected".
Published to the topic "smart_harvest/riego/calabaza".
Received 2 bytes from the topic "smart_harvest/riego/calabaza": "13"
Received 4 bytes from the topic "josue/temp/zan": "Campo de zanahoria detectado
---ZANAHORIA ACCION---
ACCION REQUERIDA: REGAR
---ZANAHORIA ACCION COMPLETADA---
16.0"
Going to publish to the topic "smart_harvest/connected"...
Going to publish to the topic "smart_harvest/riego/zan"...
Received 3 bytes from the topic "josue/temp/frijol": "Campo de frijol detectado
ACCION REQUERIDA: APAGAR
Going to publish to the topic "smart_harvest/riego/frijol"...
9.0"
Published to the topic "smart_harvest/connected".
Published to the topic "smart_harvest/riego/zan".
Received 2 bytes from the topic "smart_harvest/riego/zan": "12"
Published to the topic "smart_harvest/riego/frijol".
Received 2 bytes from the topic "smart_harvest/riego/frijol": "12"
Going to publish to the topic "smart_harvest/connected"...
Received 4 bytes from the topic "josue/temp/frijol": "Campo de frijol detectado
---FRIJOL ACCION---
ACCION REQUERIDA: REGAR
---FRIJOL ACCION COMPLETADA---
16.6"
Published to the topic "smart_harvest/connected".
Going to publish to the topic "smart_harvest/connected"...
Going to publish to the topic "smart_harvest/riego/frijol"...
Published to the topic "smart_harvest/connected".
Published to the topic "smart_harvest/riego/frijol".
Received 2 bytes from the topic "smart_harvest/riego/frijol": "11"
Going to publish to the topic "smart_harvest/connected"...
Published to the topic "smart_harvest/connected".
Going to publish to the topic "smart_harvest/connected"...
Published to the topic "smart_harvest/connected".
Going to publish to the topic "smart_harvest/connected"...
Published to the topic "smart_harvest/connected".
Going to publish to the topic "smart_harvest/connected"...
Published to the topic "smart_harvest/connected".
Going to publish to the topic "smart_harvest/connected"...
Published to the topic "smart_harvest/connected".
Going to publish to the topic "smart_harvest/connected"...
Published to the topic "smart_harvest/connected".
Going to publish to the topic "smart_harvest/connected"...
Published to the topic "smart_harvest/connected".
Going to publish to the topic "smart_harvest/connected"...
Published to the topic "smart_harvest/connected".
Going to publish to the topic "smart_harvest/connected"...
Published to the topic "smart_harvest/connected".
Going to publish to the topic "smart_harvest/connected"...
Published to the topic "smart_harvest/connected".
Going to publish to the topic "smart_harvest/connected"...
Published to the topic "smart_harvest/connected".
Going to publish to the topic "smart_harvest/connected"...
Published to the topic "smart_harvest/connected".
Going to publish to the topic "smart_harvest/connected"...
Published to the topic "smart_harvest/connected".
Going to publish to the topic "smart_harvest/connected"...
Published to the topic "smart_harvest/connected".
Going to publish to the topic "smart_harvest/connected"...
Published to the topic "smart_harvest/connected".
Going to publish to the topic "smart_harvest/connected"...
Published to the topic "smart_harvest/connected".
Going to publish to the topic "smart_harvest/connected"...
Published to the topic "smart_harvest/connected".
Going to publish to the topic "smart_harvest/connected"...
Published to the topic "smart_harvest/connected".
Going to publish to the topic "smart_harvest/connected"...
Published to the topic "smart_harvest/connected".
Going to publish to the topic "smart_harvest/connected"...
Published to the topic "smart_harvest/connected".
Going to publish to the topic "smart_harvest/connected"...
Published to the topic "smart_harvest/connected".
Going to publish to the topic "smart_harvest/connected"...
Published to the topic "smart_harvest/connected".
Going to publish to the topic "smart_harvest/connected"...
Published to the topic "smart_harvest/connected".
Going to publish to the topic "smart_harvest/connected"...
Published to the topic "smart_harvest/connected".
Going to publish to the topic "smart_harvest/connected"...
Published to the topic "smart_harvest/connected".
Going to publish to the topic "smart_harvest/connected"...
Published to the topic "smart_harvest/connected".
Going to publish to the topic "smart_harvest/connected"...
Published to the topic "smart_harvest/connected".
Going to publish to the topic "smart_harvest/connected"...
Published to the topic "smart_harvest/connected".
Going to publish to the topic "smart_harvest/connected"...
Published to the topic "smart_harvest/connected".
Going to publish to the topic "smart_harvest/connected"...
Published to the topic "smart_harvest/connected".
Going to publish to the topic "smart_harvest/connected"...
Published to the topic "smart_harvest/connected".
Going to publish to the topic "smart_harvest/connected"...
Published to the topic "smart_harvest/connected".
Going to publish to the topic "smart_harvest/connected"...
Published to the topic "smart_harvest/connected".
Going to publish to the topic "smart_harvest/connected"...
Published to the topic "smart_harvest/connected".
Going to publish to the topic "smart_harvest/connected"...
Published to the topic "smart_harvest/connected".
Going to publish to the topic "smart_harvest/connected"...
Published to the topic "smart_harvest/connected".
Going to publish to the topic "smart_harvest/connected"...
Published to the topic "smart_harvest/connected".
Going to publish to the topic "smart_harvest/connected"...
Published to the topic "smart_harvest/connected".
Going to publish to the topic "smart_harvest/connected"...
Published to the topic "smart_harvest/connected".
Going to publish to the topic "smart_harvest/connected"...
Published to the topic "smart_harvest/connected".
Going to publish to the topic "smart_harvest/connected"...
Published to the topic "smart_harvest/connected".
Going to publish to the topic "smart_harvest/connected"...
Published to the topic "smart_harvest/connected".
Going to publish to the topic "smart_harvest/connected"...
Published to the topic "smart_harvest/connected".
Going to publish to the topic "smart_harvest/connected"...
Published to the topic "smart_harvest/connected".
Going to publish to the topic "smart_harvest/connected"...
Published to the topic "smart_harvest/connected".
Going to publish to the topic "smart_harvest/connected"...
Published to the topic "smart_harvest/connected".
Going to publish to the topic "smart_harvest/connected"...
Published to the topic "smart_harvest/connected".
Going to publish to the topic "smart_harvest/connected"...
Published to the topic "smart_harvest/connected".
Going to publish to the topic "smart_harvest/connected"...
Published to the topic "smart_harvest/connected".
Going to publish to the topic "smart_harvest/connected"...
Published to the topic "smart_harvest/connected".
Going to publish to the topic "smart_harvest/connected"...
Published to the topic "smart_harvest/connected".
Going to publish to the topic "smart_harvest/connected"...
Published to the topic "smart_harvest/connected".
Going to publish to the topic "smart_harvest/connected"...
Published to the topic "smart_harvest/connected".
Going to publish to the topic "smart_harvest/connected"...
Published to the topic "smart_harvest/connected".
Going to publish to the topic "smart_harvest/connected"...
Published to the topic "smart_harvest/connected".
Going to publish to the topic "smart_harvest/connected"...
Published to the topic "smart_harvest/connected".
Going to publish to the topic "smart_harvest/connected"...
Published to the topic "smart_harvest/connected".
Going to publish to the topic "smart_harvest/connected"...
Published to the topic "smart_harvest/connected".
Going to publish to the topic "smart_harvest/connected"...